Build started 11/11/2015 7:27:08 PM.
     1>Project "C:\Users\Luyao\Desktop\Graphic-P6\Cube.vcxproj" on node 2 (Build target(s)).
     1>ClCompile:
         E:\Visual Studio\VC\bin\CL.exe /c /I"C:\glut\glut-3.7.6-bin" /Ic:\libs\glut /ZI /nologo /W3 /WX- /Od /Oy- /D WIN32 /D _DEBUG /D _CONSOLE /Gm /EHsc /RTC1 /MDd /GS /fp:precise /Zc:wchar_t /Zc:forScope /Zc:inline /Fo"Debug\\" /Fd"Debug\vc140.pdb" /Gd /TP /analyze- /errorReport:prompt BezierCurve.cpp Window.cpp
         BezierCurve.cpp
     1>c:\program files (x86)\windows kits\10\include\10.0.10150.0\ucrt\stdlib.h(50): error C2381: 'exit': redefinition; __declspec(noreturn) differs
         c:\glut\glut-3.7.6-bin\gl\glut.h(146): note: see declaration of 'exit'
         Generating Code...
         Compiling...
         Window.cpp
     1>c:\users\luyao\desktop\graphic-p6\skybox.hpp : warning C4819: The file contains a character that cannot be represented in the current code page (936). Save the file in Unicode format to prevent data loss
         Generating Code...
     1>Done Building Project "C:\Users\Luyao\Desktop\Graphic-P6\Cube.vcxproj" (Build target(s)) -- FAILED.

Build FAILED.

Time Elapsed 00:00:00.89
